<?xml version="1.0" encoding="UTF-8"?>
<!-- Generated by org.testng.reporters.JUnitReportReporter -->
<testsuite hostname="AjithKumar" failures="0" tests="4" name="DemoAutomation.Tests.SupplierRegisterSubmit" time="18.194" errors="0" timestamp="2024-12-29T19:42:18 IST" skipped="0">
  <testcase classname="DemoAutomation.Tests.SupplierRegisterSubmit" name="supplierRegister" time="4.101"/>
  <testcase classname="DemoAutomation.Tests.SupplierRegisterSubmit" name="supplierRegister" time="4.198"/>
  <testcase classname="DemoAutomation.Tests.SupplierRegisterSubmit" name="supplierRegister" time="3.960"/>
  <testcase classname="DemoAutomation.Tests.SupplierRegisterSubmit" name="supplierRegister" time="5.935"/>
</testsuite> <!-- DemoAutomation.Tests.SupplierRegisterSubmit -->
