<?xml version="1.0" encoding="UTF-8"?>
<!-- Generated by org.testng.reporters.JUnitReportReporter -->
<testsuite hostname="AjithKumar" failures="0" tests="4" name="DemoAutomation.Tests.VendorRegisterSubmit" time="23.780" errors="0" timestamp="2024-12-29T19:42:18 IST" skipped="0">
  <testcase classname="DemoAutomation.Tests.VendorRegisterSubmit" name="vendorRegister" time="5.825"/>
  <testcase classname="DemoAutomation.Tests.VendorRegisterSubmit" name="vendorRegister" time="5.931"/>
  <testcase classname="DemoAutomation.Tests.VendorRegisterSubmit" name="vendorRegister" time="6.725"/>
  <testcase classname="DemoAutomation.Tests.VendorRegisterSubmit" name="vendorRegister" time="5.299"/>
</testsuite> <!-- DemoAutomation.Tests.VendorRegisterSubmit -->
