<?xml version="1.0" encoding="UTF-8"?>
<!-- Generated by org.testng.reporters.JUnitReportReporter -->
<testsuite hostname="AjithKumar" failures="0" tests="4" name="DemoAutomation.Tests.RegisterSubmit" time="40.529" errors="0" timestamp="2024-12-27T00:56:15 IST" skipped="0">
  <testcase classname="DemoAutomation.Tests.RegisterSubmit" name="vendorRegister" time="4.870"/>
  <testcase classname="DemoAutomation.Tests.RegisterSubmit" name="vendorRegister" time="6.144"/>
  <testcase classname="DemoAutomation.Tests.RegisterSubmit" name="vendorRegister" time="5.057"/>
  <testcase classname="DemoAutomation.Tests.RegisterSubmit" name="vendorRegister" time="24.458"/>
</testsuite> <!-- DemoAutomation.Tests.RegisterSubmit -->
